 %% PLEASE DO NOT MODIFY OR DELETE THIS FILE! %% 
 %% This file contains information about the installation of an application. %% 
 %% It will be used to automatically remove all application components from your computer if you choose to do so. %% 


NOTE: Beginning of the bootstrapper section

CONFIG: Title: "Clinic"

ACTION: RegKey: "HKEY_LOCAL_MACHINE\SOFTWARE\Microsoft\Windows\CurrentVersion", "SharedDLLs"

ACTION: SystemFile: "C:\WINDOWS\system32\VB6STKIT.DLL"
(File currently on disk was already up to date)

ACTION: SystemFile: "C:\WINDOWS\system32\COMCAT.DLL"
(File currently on disk was already up to date)

ACTION: SystemFile: "C:\WINDOWS\system32\stdole2.tlb"
(File currently on disk was already up to date)

ACTION: SystemFile: "C:\WINDOWS\system32\asycfilt.dll"
(File currently on disk was already up to date)

ACTION: SystemFile: "C:\WINDOWS\system32\olepro32.dll"
(File currently on disk was already up to date)

ACTION: SystemFile: "C:\WINDOWS\system32\oleaut32.dll"
(File currently on disk was already up to date)

ACTION: SystemFile: "C:\WINDOWS\system32\msvbvm60.dll"
(File currently on disk was already up to date)

ACTION: DllSelfRegister: "C:\WINDOWS\SYSTEM32\COMCAT.DLL"

ACTION: TLBRegister: "C:\WINDOWS\SYSTEM32\stdole2.tlb"

ACTION: DllSelfRegister: "C:\WINDOWS\SYSTEM32\olepro32.dll"

ACTION: DllSelfRegister: "C:\WINDOWS\SYSTEM32\oleaut32.dll"

ACTION: DllSelfRegister: "C:\WINDOWS\SYSTEM32\msvbvm60.dll"

NOTE: End of the bootstrapper section

NOTE: Now spawning the main Setup program 'Setup1.exe'....

ACTION: CreateDir: "C:\Documents and Settings\Rujuta\Start Menu\Programs\Clinic"

ACTION: PrivateFile: "c:\clinic\Project2.exe"
(File was not found or was an older version -- new file copied)

ACTION: ShellLink: "Clinic", "Clinic"

ACTION: RegKey: "HKEY_LOCAL_MACHINE\SOFTWARE\Microsoft\Windows\CurrentVersion", "App Paths\Project2.EXE"

ACTION: RegValue: "HKEY_LOCAL_MACHINE\SOFTWARE\Microsoft\Windows\CurrentVersion\App Paths\Project2.EXE", ""

